<?xml version="1.0" encoding="utf-8"?>
<coverage line-rate="0.8641" branch-rate="0.7864" version="1.9" timestamp="1645455742" lines-covered="3460" lines-valid="4004" branches-covered="1834" branches-valid="2332">
  <sources>
    <source>C:\</source>
  </sources>
  <packages>
    <package name="Tomlyn" line-rate="0.8425" branch-rate="0.7965000000000001" complexity="2534">
      <classes>
        <class name="Tomlyn.Toml" filename="code\tomlyn\src\Tomlyn\Toml.cs" line-rate="0.8362999999999999" branch-rate="0.6875" complexity="34">
          <methods>
            <method name="Parse" signature="(System.String,System.String,Tomlyn.TomlParserOptions)" line-rate="1" branch-rate="1" complexity="6">
              <lines>
                <line number="35" hits="446" branch="True" condition-coverage="100% (2/2)">
                  <conditions>
                    <condition number="3" type="jump" coverage="100%" />
                  </conditions>
                </line>
                <line number="36" hits="446" branch="False" />
                <line number="37" hits="446" branch="False" />
                <line number="38" hits="446" branch="False" />
                <line number="39" hits="446" branch="True" condition-coverage="100% (4/4)">
                  <conditions>
                    <condition number="38" type="jump" coverage="100%" />
                    <condition number="41" type="jump" coverage="100%" />
                  </conditions>
                </line>
                <line number="41" hits="250" branch="False" />
                <line number="43" hits="446" branch="False" />
              </lines>
            </method>
            <method name="Parse" signature="(System.Byte[],System.String,Tomlyn.TomlParserOptions)" line-rate="1" branch-rate="0.8332999999999999" complexity="6">
              <lines>
                <line number="55" hits="313" branch="True" condition-coverage="50% (1/2)">
                  <conditions>
                    <condition number="3" type="jump" coverage="50%" />
                  </conditions>
                </line>
                <line number="56" hits="313" branch="False" />
                <line number="57" hits="313" branch="False" />
                <line number="58" hits="313" branch="False" />
                <line number="59" hits="313" branch="True" condition-coverage="100% (4/4)">
                  <conditions>
                    <condition number="38" type="jump" coverage="100%" />
                    <condition number="41" type="jump" coverage="100%" />
                  </conditions>
                </line>
                <line number="61" hits="117" branch="False" />
                <line number="63" hits="313" branch="False" />
              </lines>
            </method>
            <method name="Validate" signature="(Tomlyn.Syntax.DocumentSyntax)" line-rate="1" branch-rate="0.5" complexity="4">
              <lines>
                <line number="73" hits="367" branch="True" condition-coverage="50% (1/2)">
                  <conditions>
                    <condition number="1" type="jump" coverage="50%" />
                  </conditions>
                </line>
                <line number="74" hits="367" branch="True" condition-coverage="50% (1/2)">
                  <conditions>
                    <condition number="20" type="jump" coverage="50%" />
                  </conditions>
                </line>
                <line number="75" hits="367" branch="False" />
                <line number="76" hits="367" branch="False" />
                <line number="77" hits="367" branch="False" />
              </lines>
            </method>
            <method name="FromModel" signature="(System.Object,Tomlyn.TomlModelOptions)" line-rate="0.6666" branch-rate="0.5" complexity="2">
              <lines>
                <line number="89" hits="109" branch="True" condition-coverage="50% (1/2)">
                  <conditions>
                    <condition number="11" type="jump" coverage="50%" />
                  </conditions>
                </line>
                <line number="91" hits="109" branch="False" />
                <line number="93" hits="0" branch="False" />
              </lines>
            </method>
            <method name="TryFromModel" signature="(System.Object,System.String&amp;,Tomlyn.Syntax.DiagnosticsBag&amp;,Tomlyn.TomlModelOptions)" line-rate="1" branch-rate="0.5" complexity="2">
              <lines>
                <line number="107" hits="109" branch="False" />
                <line number="108" hits="109" branch="False" />
                <line number="109" hits="109" branch="True" condition-coverage="50% (1/2)">
                  <conditions>
                    <condition number="18" type="jump" coverage="50%" />
                  </conditions>
                </line>
                <line number="110" hits="109" branch="False" />
                <line number="111" hits="109" branch="False" />
              </lines>
            </method>
            <method name="TryFromModel" signature="(System.Object,System.IO.TextWriter,Tomlyn.Syntax.DiagnosticsBag&amp;,Tomlyn.TomlModelOptions)" line-rate="1" branch-rate="1" complexity="2">
              <lines>
                <line number="125" hits="109" branch="True" condition-coverage="100% (2/2)">
                  <conditions>
                    <condition number="2" type="jump" coverage="100%" />
                  </conditions>
                </line>
                <line number="126" hits="109" branch="False" />
                <line number="127" hits="109" branch="False" />
                <line number="128" hits="109" branch="False" />
                <line number="129" hits="109" branch="False" />
              </lines>
            </method>
            <method name="ToModel" signature="(System.String,System.String,Tomlyn.TomlModelOptions)" line-rate="1" branch-rate="1" complexity="1">
              <lines>
                <line number="141" hits="4" branch="False" />
              </lines>
            </method>
            <method name="ToModel" signature="(System.String,System.String,Tomlyn.TomlModelOptions)" line-rate="0.75" branch-rate="0.5" complexity="2">
              <lines>
                <line number="153" hits="110" branch="False" />
                <line number="154" hits="110" branch="True" condition-coverage="50% (1/2)">
                  <conditions>
                    <condition number="15" type="jump" coverage="50%" />
                  </conditions>
                </line>
                <line number="156" hits="0" branch="False" />
                <line number="158" hits="110" branch="False" />
              </lines>
            </method>
            <method name="TryToModel" signature="(System.String,T&amp;,Tomlyn.Syntax.DiagnosticsBag&amp;,System.String,Tomlyn.TomlModelOptions)" line-rate="0" branch-rate="0" complexity="2">
              <lines>
                <line number="172" hits="0" branch="False" />
                <line number="173" hits="0" branch="True" condition-coverage="0% (0/2)">
                  <conditions>
                    <condition number="15" type="jump" coverage="0%" />
                  </conditions>
                </line>
                <line number="175" hits="0" branch="False" />
                <line number="176" hits="0" branch="False" />
                <line number="177" hits="0" branch="False" />
                <line number="180" hits="0" branch="False" />
              </lines>
            </method>
            <method name="ToModel" signature="(Tomlyn.Syntax.DocumentSyntax)" line-rate="1" branch-rate="0.5" complexity="2">
              <lines>
                <line number="190" hits="109" branch="True" condition-coverage="50% (1/2)">
                  <conditions>
                    <condition number="1" type="jump" coverage="50%" />
                  </conditions>
                </line>
                <line number="191" hits="109" branch="False" />
              </lines>
            </method>
            <method name="ToModel" signature="(Tomlyn.Syntax.DocumentSyntax,Tomlyn.TomlModelOptions)" line-rate="0.6666" branch-rate="0.5" complexity="2">
              <lines>
                <line number="204" hits="221" branch="True" condition-coverage="50% (1/2)">
                  <conditions>
                    <condition number="11" type="jump" coverage="50%" />
                  </conditions>
                </line>
                <line number="207" hits="0" branch="False" />
                <line number="209" hits="221" branch="False" />
              </lines>
            </method>
            <method name="TryToModel" signature="(Tomlyn.Syntax.DocumentSyntax,T&amp;,Tomlyn.Syntax.DiagnosticsBag&amp;,Tomlyn.TomlModelOptions)" line-rate="1" branch-rate="1" complexity="2">
              <lines>
                <line number="223" hits="222" branch="False" />
                <line number="224" hits="222" branch="True" condition-coverage="100% (2/2)">
                  <conditions>
                    <condition number="13" type="jump" coverage="100%" />
                  </conditions>
                </line>
                <line number="225" hits="222" branch="False" />
                <line number="226" hits="222" branch="False" />
                <line number="227" hits="222" branch="False" />
                <line number="228" hits="222" branch="False" />
              </lines>
            </method>
            <method name=".cctor" signature="()" line-rate="1" branch-rate="1" complexity="1">
              <lines>
                <line number="24" hits="1" branch="False" />
              </lines>
            </method>
          </methods>
          <lines>
            <line number="35" hits="446" branch="True" condition-coverage="100% (2/2)">
              <conditions>
                <condition number="3" type="jump" coverage="100%" />
              </conditions>
            </line>
            <line number="36" hits="446" branch="False" />
            <line number="37" hits="446" branch="False" />
            <line number="38" hits="446" branch="False" />
            <line number="39" hits="446" branch="True" condition-coverage="100% (4/4)">
              <conditions>
                <condition number="38" type="jump" coverage="100%" />
                <condition number="41" type="jump" coverage="100%" />
              </conditions>
            </line>
            <line number="41" hits="250" branch="False" />
            <line number="43" hits="446" branch="False" />
            <line number="55" hits="313" branch="True" condition-coverage="50% (1/2)">
              <conditions>
                <condition number="3" type="jump" coverage="50%" />
              </conditions>
            </line>
            <line number="56" hits="313" branch="False" />
            <line number="57" hits="313" branch="False" />
            <line number="58" hits="313" branch="False" />
            <line number="59" hits="313" branch="True" condition-coverage="100% (4/4)">
              <conditions>
                <condition number="38" type="jump" coverage="100%" />
                <condition number="41" type="jump" coverage="100%" />
              </conditions>
            </line>
            <line number="61" hits="117" branch="False" />
            <line number="63" hits="313" branch="False" />
            <line number="73" hits="367" branch="True" condition-coverage="50% (1/2)">
              <conditions>
                <condition number="1" type="jump" coverage="50%" />
              </conditions>
            </line>
            <line number="74" hits="367" branch="True" condition-coverage="50% (1/2)">
              <conditions>
                <condition number="20" type="jump" coverage="50%" />
              </conditions>
            </line>
            <line number="75" hits="367" branch="False" />
            <line number="76" hits="367" branch="False" />
            <line number="77" hits="367" branch="False" />
            <line number="89" hits="109" branch="True" condition-coverage="50% (1/2)">
              <conditions>
                <condition number="11" type="jump" coverage="50%" />
              </conditions>
            </line>
            <line number="91" hits="109" branch="False" />
            <line number="93" hits="0" branch="False" />
            <line number="107" hits="109" branch="False" />
            <line number="108" hits="109" branch="False" />
            <line number="109" hits="109" branch="True" condition-coverage="50% (1/2)">
              <conditions>
                <condition number="18" type="jump" coverage="50%" />
              </conditions>
            </line>
            <line number="110" hits="109" branch="False" />
            <line number="111" hits="109" branch="False" />
            <line number="125" hits="109" branch="True" condition-coverage="100% (2/2)">
              <conditions>
                <condition number="2" type="jump" coverage="100%" />
              </conditions>
            </line>
            <line number="126" hits="109" branch="False" />
            <line number="127" hits="109" branch="False" />
            <line number="128" hits="109" branch="False" />
            <line number="129" hits="109" branch="False" />
            <line number="141" hits="4" branch="False" />
            <line number="153" hits="110" branch="False" />
            <line number="154" hits="110" branch="True" condition-coverage="50% (1/2)">
              <conditions>
                <condition number="15" type="jump" coverage="50%" />
              </conditions>
            </line>
            <line number="156" hits="0" branch="False" />
            <line number="158" hits="110" branch="False" />
            <line number="172" hits="0" branch="False" />
            <line number="173" hits="0" branch="True" condition-coverage="0% (0/2)">
              <conditions>
                <condition number="15" type="jump" coverage="0%" />
              </conditions>
            </line>
            <line number="175" hits="0" branch="False" />
            <line number="176" hits="0" branch="False" />
            <line number="177" hits="0" branch="False" />
            <line number="180" hits="0" branch="False" />
            <line number="190" hits="109" branch="True" condition-coverage="50% (1/2)">
              <conditions>
                <condition number="1" type="jump" coverage="50%" />
              </conditions>
            </line>
            <line number="191" hits="109" branch="False" />
            <line number="204" hits="221" branch="True" condition-coverage="50% (1/2)">
              <conditions>
                <condition number="11" type="jump" coverage="50%" />
              </conditions>
            </line>
            <line number="207" hits="0" branch="False" />
            <line number="209" hits="221" branch="False" />
            <line number="223" hits="222" branch="False" />
            <line number="224" hits="222" branch="True" condition-coverage="100% (2/2)">
              <conditions>
                <condition number="13" type="jump" coverage="100%" />
              </conditions>
            </line>
            <line number="225" hits="222" branch="False" />
            <line number="226" hits="222" branch="False" />
            <line number="227" hits="222" branch="False" />
            <line number="228" hits="222" branch="False" />
            <line number="24" hits="1" branch="False" />
          </lines>
        </class>
        <class name="Tomlyn.TomlDateTime" filename="code\tomlyn\src\Tomlyn\TomlDateTime.cs" line-rate="0.7692" branch-rate="0.8" complexity="34">
          <methods>
            <method name="ToString" signature="()" line-rate="1" branch-rate="1" complexity="1">
              <lines>
                <line number="31" hits="90" branch="False" />
              </lines>
            </method>
            <method name="System.IConvertible.ToString" signature="(System.IFormatProvider)" line-rate="1" branch-rate="1" complexity="14">
              <lines>
                <line number="107" hits="94" branch="True" condition-coverage="100% (6/6)">
                  <conditions>
                    <condition number="8" type="switch" coverage="100%" />
                  </conditions>
                </line>
                <line number="110" hits="21" branch="True" condition-coverage="100% (2/2)">
                  <conditions>
                    <condition number="52" type="jump" coverage="100%" />
                  </conditions>
                </line>
                <line number="111" hits="18" branch="False" />
                <line number="112" hits="3" branch="False" />
                <line number="114" hits="12" branch="False" />
                <line number="116" hits="8" branch="True" condition-coverage="100% (2/2)">
                  <conditions>
                    <condition number="147" type="jump" coverage="100%" />
                  </conditions>
                </line>
                <line number="117" hits="3" branch="False" />
                <line number="118" hits="5" branch="False" />
                <line number="121" hits="24" branch="False" />
                <line number="122" hits="24" branch="True" condition-coverage="100% (2/2)">
                  <conditions>
                    <condition number="229" type="jump" coverage="100%" />
                  </conditions>
                </line>
                <line number="123" hits="18" branch="False" />
                <line number="124" hits="6" branch="False" />
                <line number="129" hits="29" branch="False" />
                <line number="130" hits="29" branch="True" condition-coverage="100% (2/2)">
                  <conditions>
                    <condition number="302" type="jump" coverage="100%" />
                  </conditions>
                </line>
                <line number="131" hits="23" branch="False" />
                <line number="132" hits="6" branch="False" />
              </lines>
            </method>
            <method name="System.IConvertible.ToType" signature="(System.Type,System.IFormatProvider)" line-rate="0.7777" branch-rate="0.75" complexity="8">
              <lines>
                <line number="139" hits="6" branch="True" condition-coverage="50% (1/2)">
                  <conditions>
                    <condition number="16" type="jump" coverage="50%" />
                  </conditions>
                </line>
                <line number="141" hits="0" branch="False" />
                <line number="144" hits="6" branch="True" condition-coverage="100% (2/2)">
                  <conditions>
                    <condition number="54" type="jump" coverage="100%" />
                  </conditions>
                </line>
                <line number="146" hits="2" branch="False" />
                <line number="150" hits="4" branch="True" condition-coverage="100% (2/2)">
                  <conditions>
                    <condition number="84" type="jump" coverage="100%" />
                  </conditions>
                </line>
                <line number="152" hits="2" branch="False" />
                <line number="155" hits="2" branch="True" condition-coverage="50% (1/2)">
                  <conditions>
                    <condition number="127" type="jump" coverage="50%" />
                  </conditions>
                </line>
                <line number="157" hits="2" branch="False" />
                <line number="161" hits="0" branch="False" />
              </lines>
            </method>
            <method name="GetFormatPrecision" signature="(System.Int32)" line-rate="0.5" branch-rate="0.5" complexity="8">
              <lines>
                <line number="191" hits="6" branch="True" condition-coverage="50% (4/8)">
                  <conditions>
                    <condition number="3" type="switch" coverage="50%" />
                  </conditions>
                </line>
                <line number="192" hits="0" branch="False" />
                <line number="193" hits="6" branch="False" />
                <line number="194" hits="6" branch="False" />
                <line number="195" hits="0" branch="False" />
                <line number="196" hits="0" branch="False" />
                <line number="197" hits="0" branch="False" />
                <line number="199" hits="2" branch="False" />
              </lines>
            </method>
            <method name="op_Implicit" signature="(System.DateTime)" line-rate="0" branch-rate="1" complexity="1">
              <lines>
                <line number="208" hits="0" branch="False" />
              </lines>
            </method>
            <method name=".ctor" signature="(System.Int32,System.Int32,System.Int32)" line-rate="1" branch-rate="1" complexity="1">
              <lines>
                <line number="23" hits="1" branch="False" />
                <line number="25" hits="1" branch="False" />
              </lines>
            </method>
            <method name=".ctor" signature="(System.DateTime)" line-rate="0" branch-rate="1" complexity="1">
              <lines>
                <line number="27" hits="0" branch="False" />
                <line number="29" hits="0" branch="False" />
              </lines>
            </method>
          </methods>
          <lines>
            <line number="31" hits="90" branch="False" />
            <line number="107" hits="94" branch="True" condition-coverage="100% (6/6)">
              <conditions>
                <condition number="8" type="switch" coverage="100%" />
              </conditions>
            </line>
            <line number="110" hits="21" branch="True" condition-coverage="100% (2/2)">
              <conditions>
                <condition number="52" type="jump" coverage="100%" />
              </conditions>
            </line>
            <line number="111" hits="18" branch="False" />
            <line number="112" hits="3" branch="False" />
            <line number="114" hits="12" branch="False" />
            <line number="116" hits="8" branch="True" condition-coverage="100% (2/2)">
              <conditions>
                <condition number="147" type="jump" coverage="100%" />
              </conditions>
            </line>
            <line number="117" hits="3" branch="False" />
            <line number="118" hits="5" branch="False" />
            <line number="121" hits="24" branch="False" />
            <line number="122" hits="24" branch="True" condition-coverage="100% (2/2)">
              <conditions>
                <condition number="229" type="jump" coverage="100%" />
              </conditions>
            </line>
            <line number="123" hits="18" branch="False" />
            <line number="124" hits="6" branch="False" />
            <line number="129" hits="29" branch="False" />
            <line number="130" hits="29" branch="True" condition-coverage="100% (2/2)">
              <conditions>
                <condition number="302" type="jump" coverage="100%" />
              </conditions>
            </line>
            <line number="131" hits="23" branch="False" />
            <line number="132" hits="6" branch="False" />
            <line number="139" hits="6" branch="True" condition-coverage="50% (1/2)">
              <conditions>
                <condition number="16" type="jump" coverage="50%" />
              </conditions>
            </line>
            <line number="141" hits="0" branch="False" />
            <line number="144" hits="6" branch="True" condition-coverage="100% (2/2)">
              <conditions>
                <condition number="54" type="jump" coverage="100%" />
              </conditions>
            </line>
            <line number="146" hits="2" branch="False" />
            <line number="150" hits="4" branch="True" condition-coverage="100% (2/2)">
              <conditions>
                <condition number="84" type="jump" coverage="100%" />
              </conditions>
            </line>
            <line number="152" hits="2" branch="False" />
            <line number="155" hits="2" branch="True" condition-coverage="50% (1/2)">
              <conditions>
                <condition number="127" type="jump" coverage="50%" />
              </conditions>
            </line>
            <line number="157" hits="2" branch="False" />
            <line number="161" hits="0" branch="False" />
            <line number="191" hits="6" branch="True" condition-coverage="50% (4/8)">
              <conditions>
                <condition number="3" type="switch" coverage="50%" />
              </conditions>
            </line>
            <line number="192" hits="0" branch="False" />
            <line number="193" hits="6" branch="False" />
            <line number="194" hits="6" branch="False" />
            <line number="195" hits="0" branch="False" />
            <line number="196" hits="0" branch="False" />
            <line number="197" hits="0" branch="False" />
            <line number="199" hits="2" branch="False" />
            <line number="208" hits="0" branch="False" />
            <line number="23" hits="1" branch="False" />
            <line number="25" hits="1" branch="False" />
            <line number="27" hits="0" branch="False" />
            <line number="29" hits="0" branch="False" />
          </lines>
        </class>
        <class name="Tomlyn.TomlException" filename="code\tomlyn\src\Tomlyn\TomlException.cs" line-rate="0" branch-rate="1" complexity="1">
          <methods>
            <method name=".ctor" signature="(Tomlyn.Syntax.DiagnosticsBag)" line-rate="0" branch-rate="1" complexity="1">
              <lines>
                <line number="9" hits="0" branch="False" />
                <line number="12" hits="0" branch="False" />
              </lines>
            </method>
          </methods>
          <lines>
            <line number="9" hits="0" branch="False" />
            <line number="12" hits="0" branch="False" />
          </lines>
        </class>
        <class name="Tomlyn.TomlModelOptions" filename="code\tomlyn\src\Tomlyn\TomlModelOptions.cs" line-rate="1" branch-rate="0.9615" complexity="28">
          <methods>
            <method name="DefaultGetPropertyNameImpl" signature="(System.Reflection.PropertyInfo)" line-rate="1" branch-rate="1" complexity="18">
              <lines>
                <line number="83" hits="119" branch="False" />
                <line number="84" hits="278" branch="True" condition-coverage="100% (2/2)">
                  <conditions>
                    <condition number="241" type="jump" coverage="100%" />
                  </conditions>
                </line>
                <line number="86" hits="21" branch="False" />
                <line number="88" hits="120" branch="True" condition-coverage="100% (2/2)">
                  <conditions>
                    <condition number="87" type="jump" coverage="100%" />
                  </conditions>
                </line>
                <line number="90" hits="40" branch="True" condition-coverage="100% (2/2)">
                  <conditions>
                    <condition number="70" type="jump" coverage="100%" />
                  </conditions>
                </line>
                <line number="92" hits="2" branch="False" />
                <line number="97" hits="103" branch="True" condition-coverage="100% (2/2)">
                  <conditions>
                    <condition number="217" type="jump" coverage="100%" />
                  </conditions>
                </line>
                <line number="99" hits="36" branch="True" condition-coverage="100% (2/2)">
                  <conditions>
                    <condition number="137" type="jump" coverage="100%" />
                  </conditions>
                </line>
                <line number="101" hits="7" branch="False" />
                <line number="102" hits="7" branch="True" condition-coverage="100% (4/4)">
                  <conditions>
                    <condition number="165" type="jump" coverage="100%" />
                    <condition number="189" type="jump" coverage="100%" />
                  </conditions>
                </line>
                <line number="104" hits="7" branch="False" />
                <line number="105" hits="14" branch="True" condition-coverage="100% (2/2)">
                  <conditions>
                    <condition number="206" type="jump" coverage="100%" />
                  </conditions>
                </line>
                <line number="111" hits="117" branch="True" condition-coverage="100% (2/2)">
                  <conditions>
                    <condition number="266" type="jump" coverage="100%" />
                  </conditions>
                </line>
                <line number="112" hits="2" branch="False" />
              </lines>
            </method>
            <method name="DefaultCreateInstanceImpl" signature="(System.Type,Tomlyn.Model.ObjectKind)" line-rate="1" branch-rate="0.875" complexity="8">
              <lines>
                <line number="116" hits="610" branch="True" condition-coverage="100% (6/6)">
                  <conditions>
                    <condition number="16" type="jump" coverage="100%" />
                    <condition number="20" type="jump" coverage="100%" />
                    <condition number="24" type="jump" coverage="100%" />
                  </conditions>
                </line>
                <line number="122" hits="350" branch="False" />
                <line number="124" hits="38" branch="False" />
                <line number="127" hits="133" branch="False" />
                <line number="131" hits="89" branch="True" condition-coverage="50% (1/2)">
                  <conditions>
                    <condition number="57" type="jump" coverage="50%" />
                  </conditions>
                </line>
              </lines>
            </method>
            <method name=".ctor" signature="()" line-rate="1" branch-rate="1" complexity="1">
              <lines>
                <line number="24" hits="329" branch="False" />
                <line number="25" hits="329" branch="False" />
                <line number="26" hits="329" branch="False" />
                <line number="28" hits="329" branch="False" />
                <line number="29" hits="329" branch="False" />
                <line number="30" hits="329" branch="False" />
                <line number="31" hits="329" branch="False" />
                <line number="32" hits="329" branch="False" />
                <line number="34" hits="329" branch="False" />
                <line number="35" hits="329" branch="False" />
                <line number="36" hits="329" branch="False" />
                <line number="37" hits="329" branch="False" />
                <line number="38" hits="329" branch="False" />
                <line number="39" hits="329" branch="False" />
              </lines>
            </method>
            <method name=".cctor" signature="()" line-rate="1" branch-rate="1" complexity="1">
              <lines>
                <line number="15" hits="1" branch="False" />
                <line number="20" hits="1" branch="False" />
              </lines>
            </method>
          </methods>
          <lines>
            <line number="83" hits="119" branch="False" />
            <line number="84" hits="278" branch="True" condition-coverage="100% (2/2)">
              <conditions>
                <condition number="241" type="jump" coverage="100%" />
              </conditions>
            </line>
            <line number="86" hits="21" branch="False" />
            <line number="88" hits="120" branch="True" condition-coverage="100% (2/2)">
              <conditions>
                <condition number="87" type="jump" coverage="100%" />
              </conditions>
            </line>
            <line number="90" hits="40" branch="True" condition-coverage="100% (2/2)">
              <conditions>
                <condition number="70" type="jump" coverage="100%" />
              </conditions>
            </line>
            <line number="92" hits="2" branch="False" />
            <line number="97" hits="103" branch="True" condition-coverage="100% (2/2)">
              <conditions>
                <condition number="217" type="jump" coverage="100%" />
              </conditions>
            </line>
            <line number="99" hits="36" branch="True" condition-coverage="100% (2/2)">
              <conditions>
                <condition number="137" type="jump" coverage="100%" />
              </conditions>
            </line>
            <line number="101" hits="7" branch="False" />
            <line number="102" hits="7" branch="True" condition-coverage="100% (4/4)">
              <conditions>
                <condition number="165" type="jump" coverage="100%" />
                <condition number="189" type="jump" coverage="100%" />
              </conditions>
            </line>
            <line number="104" hits="7" branch="False" />
            <line number="105" hits="14" branch="True" condition-coverage="100% (2/2)">
              <conditions>
                <condition number="206" type="jump" coverage="100%" />
              </conditions>
            </line>
            <line number="111" hits="117" branch="True" condition-coverage="100% (2/2)">
              <conditions>
                <condition number="266" type="jump" coverage="100%" />
              </conditions>
            </line>
            <line number="112" hits="2" branch="False" />
            <line number="116" hits="610" branch="True" condition-coverage="100% (6/6)">
              <conditions>
                <condition number="16" type="jump" coverage="100%" />
                <condition number="20" type="jump" coverage="100%" />
                <condition number="24" type="jump" coverage="100%" />
              </conditions>
            </line>
            <line number="122" hits="350" branch="False" />
            <line number="124" hits="38" branch="False" />
            <line number="127" hits="133" branch="False" />
            <line number="131" hits="89" branch="True" condition-coverage="50% (1/2)">
              <conditions>
                <condition number="57" type="jump" coverage="50%" />
              </conditions>
            </line>
            <line number="24" hits="329" branch="False" />
            <line number="25" hits="329" branch="False" />
            <line number="26" hits="329" branch="False" />
            <line number="28" hits="329" branch="False" />
            <line number="29" hits="329" branch="False" />
            <line number="30" hits="329" branch="False" />
            <line number="31" hits="329" branch="False" />
            <line number="32" hits="329" branch="False" />
            <line number="34" hits="329" branch="False" />
            <line number="35" hits="329" branch="False" />
            <line number="36" hits="329" branch="False" />
            <line number="37" hits="329" branch="False" />
            <line number="38" hits="329" branch="False" />
            <line number="39" hits="329" branch="False" />
            <line number="15" hits="1" branch="False" />
            <line number="20" hits="1" branch="False" />
          </lines>
        </class>
        <class name="Tomlyn.Text.char32" filename="code\tomlyn\src\Tomlyn\Text\char32.cs" line-rate="1" branch-rate="1" complexity="4">
          <methods>
            <method name="op_Implicit" signature="(Tomlyn.Text.char32)" line-rate="1" branch-rate="1" complexity="1">
              <lines>
                <line number="33" hits="553792" branch="False" />
              </lines>
            </method>
            <method name="op_Implicit" signature="(System.Int32)" line-rate="1" branch-rate="1" complexity="1">
              <lines>
                <line number="43" hits="61009" branch="False" />
              </lines>
            </method>
            <method name="ToString" signature="()" line-rate="1" branch-rate="1" complexity="1">
              <lines>
                <line number="48" hits="34" branch="False" />
              </lines>
            </method>
            <method name=".ctor" signature="(System.Int32)" line-rate="1" branch-rate="1" complexity="1">
              <lines>
                <line number="19" hits="61009" branch="False" />
              </lines>
            </method>
          </methods>
          <lines>
            <line number="33" hits="553792" branch="False" />
            <line number="43" hits="61009" branch="False" />
            <line number="48" hits="34" branch="False" />
            <line number="19" hits="61009" branch="False" />
          </lines>
        </class>
        <class name="Tomlyn.Text.CharHelper" filename="code\tomlyn\src\Tomlyn\Text\CharHelper.cs" line-rate="0.9351" branch-rate="0.9470000000000001" complexity="192">
          <methods>
            <method name="IsControlCharacter" signature="(Tomlyn.Text.char32)" line-rate="1" branch-rate="1" complexity="2">
              <lines>
                <line number="24" hits="10520" branch="True" condition-coverage="100% (2/2)">
                  <conditions>
                    <condition number="8" type="jump" coverage="100%" />
                  </conditions>
                </line>
              </lines>
            </method>
            <method name="IsKeyStart" signature="(Tomlyn.Text.char32)" line-rate="1" branch-rate="1" complexity="14">
              <lines>
                <line number="30" hits="2541" branch="True" condition-coverage="100% (14/14)">
                  <conditions>
                    <condition number="8" type="jump" coverage="100%" />
                    <condition number="18" type="jump" coverage="100%" />
                    <condition number="28" type="jump" coverage="100%" />
                    <condition number="38" type="jump" coverage="100%" />
                    <condition number="48" type="jump" coverage="100%" />
                    <condition number="58" type="jump" coverage="100%" />
                    <condition number="68" type="jump" coverage="100%" />
                  </conditions>
                </line>
              </lines>
            </method>
            <method name="IsKeyContinue" signature="(Tomlyn.Text.char32)" line-rate="1" branch-rate="1" complexity="14">
              <lines>
                <line number="36" hits="15945" branch="True" condition-coverage="100% (14/14)">
                  <conditions>
                    <condition number="8" type="jump" coverage="100%" />
                    <condition number="18" type="jump" coverage="100%" />
                    <condition number="28" type="jump" coverage="100%" />
                    <condition number="38" type="jump" coverage="100%" />
                    <condition number="48" type="jump" coverage="100%" />
                    <condition number="58" type="jump" coverage="100%" />
                    <condition number="68" type="jump" coverage="100%" />
                  </conditions>
                </line>
              </lines>
            </method>
            <method name="IsIdentifierStart" signature="(Tomlyn.Text.char32)" line-rate="1" branch-rate="1" complexity="6">
              <lines>
                <line number="42" hits="1043" branch="True" condition-coverage="100% (6/6)">
                  <conditions>
                    <condition number="8" type="jump" coverage="100%" />
                    <condition number="18" type="jump" coverage="100%" />
                    <condition number="28" type="jump" coverage="100%" />
                  </conditions>
                </line>
              </lines>
            </method>
            <method name="IsIdentifierContinue" signature="(Tomlyn.Text.char32)" line-rate="1" branch-rate="1" complexity="6">
              <lines>
                <line number="48" hits="559" branch="True" condition-coverage="100% (6/6)">
                  <conditions>
                    <condition number="8" type="jump" coverage="100%" />
                    <condition number="18" type="jump" coverage="100%" />
                    <condition number="28" type="jump" coverage="100%" />
                  </conditions>
                </line>
              </lines>
            </method>
            <method name="IsValidUnicodeScalarValue" signature="(Tomlyn.Text.char32)" line-rate="1" branch-rate="1" complexity="6">
              <lines>
                <line number="53" hits="57531" branch="True" condition-coverage="100% (6/6)">
                  <conditions>
                    <condition number="7" type="jump" coverage="100%" />
                    <condition number="20" type="jump" coverage="100%" />
                    <condition number="33" type="jump" coverage="100%" />
                  </conditions>
                </line>
              </lines>
            </method>
            <method name="IsDigit" signature="(Tomlyn.Text.char32)" line-rate="1" branch-rate="1" complexity="2">
              <lines>
                <line number="58" hits="5877" branch="True" condition-coverage="100% (2/2)">
                  <conditions>
                    <condition number="8" type="jump" coverage="100%" />
                  </conditions>
                </line>
              </lines>
            </method>
            <method name="IsDateTime" signature="(Tomlyn.Text.char32)" line-rate="1" branch-rate="1" complexity="16">
              <lines>
                <line number="63" hits="1918" branch="True" condition-coverage="100% (16/16)">
                  <conditions>
                    <condition number="6" type="jump" coverage="100%" />
                    <condition number="16" type="jump" coverage="100%" />
                    <condition number="26" type="jump" coverage="100%" />
                    <condition number="36" type="jump" coverage="100%" />
                    <condition number="46" type="jump" coverage="100%" />
                    <condition number="56" type="jump" coverage="100%" />
                    <condition number="66" type="jump" coverage="100%" />
                    <condition number="76" type="jump" coverage="100%" />
                  </conditions>
                </line>
              </lines>
            </method>
            <method name="EscapeForToml" signature="(System.String,System.Boolean)" line-rate="0.8571" branch-rate="0.8845999999999999" complexity="26">
              <lines>
                <line number="71" hits="245" branch="False" />
                <line number="72" hits="5222" branch="True" condition-coverage="100% (2/2)">
                  <conditions>
                    <condition number="173" type="jump" coverage="100%" />
                  </conditions>
                </line>
                <line number="74" hits="2366" branch="False" />
                <line number="76" hits="2366" branch="False" />
                <line number="79" hits="2366" branch="True" condition-coverage="100% (2/2)">
                  <conditions>
                    <condition number="20" type="jump" coverage="100%" />
                  </conditions>
                </line>
                <line number="81" hits="353" branch="True" condition-coverage="50% (3/6)">
                  <conditions>
                    <condition number="25" type="jump" coverage="50%" />
                    <condition number="36" type="jump" coverage="50%" />
                    <condition number="49" type="jump" coverage="50%" />
                  </conditions>
                </line>
                <line number="83" hits="0" branch="False" />
                <line number="84" hits="0" branch="False" />
                <line number="85" hits="0" branch="False" />
                <line number="87" hits="353" branch="True" condition-coverage="100% (2/2)">
                  <conditions>
                    <condition number="69" type="jump" coverage="100%" />
                  </conditions>
                </line>
                <line number="89" hits="7" branch="False" />
                <line number="91" hits="346" branch="True" condition-coverage="100% (2/2)">
                  <conditions>
                    <condition number="82" type="jump" coverage="100%" />
                  </conditions>
                </line>
                <line number="93" hits="1" branch="False" />
                <line number="97" hits="2366" branch="True" condition-coverage="100% (2/2)">
                  <conditions>
                    <condition number="91" type="jump" coverage="100%" />
                  </conditions>
                </line>
                <line number="99" hits="2366" branch="True" condition-coverage="100% (2/2)">
                  <conditions>
                    <condition number="107" type="jump" coverage="100%" />
                  </conditions>
                </line>
                <line number="101" hits="83" branch="True" condition-coverage="100% (2/2)">
                  <conditions>
                    <condition number="110" type="jump" coverage="100%" />
                  </conditions>
                </line>
                <line number="103" hits="48" branch="False" />
                <line number="104" hits="48" branch="False" />
                <line number="106" hits="83" branch="False" />
                <line number="110" hits="2283" branch="True" condition-coverage="100% (2/2)">
                  <conditions>
                    <condition number="152" type="jump" coverage="100%" />
                  </conditions>
                </line>
                <line number="113" hits="245" branch="True" condition-coverage="100% (4/4)">
                  <conditions>
                    <condition number="179" type="jump" coverage="100%" />
                    <condition number="191" type="jump" coverage="100%" />
                  </conditions>
                </line>
              </lines>
            </method>
            <method name="EscapeChar" signature="(System.Char)" line-rate="1" branch-rate="1" complexity="19">
              <lines>
                <line number="118" hits="2358" branch="True" condition-coverage="100% (19/19)">
                  <conditions>
                    <condition number="3" type="jump" coverage="100%" />
                    <condition number="8" type="jump" coverage="100%" />
                    <condition number="13" type="jump" coverage="100%" />
                    <condition number="21" type="jump" coverage="100%" />
                    <condition number="29" type="switch" coverage="100%" />
                    <condition number="61" type="jump" coverage="100%" />
                    <condition number="66" type="jump" coverage="100%" />
                  </conditions>
                </line>
                <line number="123" hits="3" branch="False" />
                <line number="125" hits="2" branch="False" />
                <line number="127" hits="10" branch="False" />
                <line number="129" hits="1" branch="False" />
                <line number="131" hits="7" branch="False" />
                <line number="133" hits="38" branch="False" />
                <line number="135" hits="12" branch="False" />
                <line number="137" hits="2" branch="False" />
                <line number="140" hits="2283" branch="False" />
              </lines>
            </method>
            <method name="ToPrintableString" signature="(System.String)" line-rate="1" branch-rate="0.9285" complexity="14">
              <lines>
                <line number="148" hits="477" branch="True" condition-coverage="50% (1/2)">
                  <conditions>
                    <condition number="1" type="jump" coverage="50%" />
                  </conditions>
                </line>
                <line number="149" hits="477" branch="False" />
                <line number="150" hits="6600" branch="True" condition-coverage="100% (2/2)">
                  <conditions>
                    <condition number="99" type="jump" coverage="100%" />
                  </conditions>
                </line>
                <line number="152" hits="2823" branch="False" />
                <line number="153" hits="2823" branch="False" />
                <line number="154" hits="2823" branch="True" condition-coverage="100% (2/2)">
                  <conditions>
                    <condition number="33" type="jump" coverage="100%" />
                  </conditions>
                </line>
                <line number="156" hits="502" branch="True" condition-coverage="100% (2/2)">
                  <conditions>
                    <condition number="36" type="jump" coverage="100%" />
                  </conditions>
                </line>
                <line number="158" hits="139" branch="False" />
                <line number="159" hits="139" branch="False" />
                <line number="161" hits="502" branch="False" />
                <line number="165" hits="2321" branch="True" condition-coverage="100% (2/2)">
                  <conditions>
                    <condition number="78" type="jump" coverage="100%" />
                  </conditions>
                </line>
                <line number="168" hits="477" branch="True" condition-coverage="100% (4/4)">
                  <conditions>
                    <condition number="102" type="jump" coverage="100%" />
                    <condition number="114" type="jump" coverage="100%" />
                  </conditions>
                </line>
              </lines>
            </method>
            <method name="ToPrintableString" signature="(System.Char)" line-rate="0.8181" branch-rate="0.8571" complexity="14">
              <lines>
                <line number="173" hits="2857" branch="True" condition-coverage="85.71% (12/14)">
                  <conditions>
                    <condition number="3" type="jump" coverage="100%" />
                    <condition number="16" type="jump" coverage="100%" />
                    <condition number="24" type="switch" coverage="75%" />
                    <condition number="60" type="jump" coverage="100%" />
                  </conditions>
                </line>
                <line number="178" hits="330" branch="False" />
                <line number="180" hits="2" branch="False" />
                <line number="182" hits="1" branch="False" />
                <line number="184" hits="161" branch="False" />
                <line number="186" hits="0" branch="False" />
                <line number="188" hits="0" branch="False" />
                <line number="190" hits="2" branch="False" />
                <line number="192" hits="2" branch="False" />
                <line number="194" hits="30" branch="False" />
                <line number="197" hits="2329" branch="False" />
              </lines>
            </method>
            <method name="IsWhiteSpace" signature="(Tomlyn.Text.char32)" line-rate="1" branch-rate="1" complexity="2">
              <lines>
                <line number="202" hits="15371" branch="True" condition-coverage="100% (2/2)">
                  <conditions>
                    <condition number="8" type="jump" coverage="100%" />
                  </conditions>
                </line>
                <line number="203" hits="15371" branch="False" />
              </lines>
            </method>
            <method name="IsWhiteSpaceOrNewLine" signature="(Tomlyn.Text.char32)" line-rate="1" branch-rate="1" complexity="6">
              <lines>
                <line number="208" hits="306" branch="True" condition-coverage="100% (6/6)">
                  <conditions>
                    <condition number="8" type="jump" coverage="100%" />
                    <condition number="18" type="jump" coverage="100%" />
                    <condition number="28" type="jump" coverage="100%" />
                  </conditions>
                </line>
                <line number="209" hits="306" branch="False" />
                <line number="210" hits="306" branch="False" />
                <line number="211" hits="306" branch="False" />
              </lines>
            </method>
            <method name="IsNewLine" signature="(Tomlyn.Text.char32)" line-rate="1" branch-rate="0.5" complexity="2">
              <lines>
                <line number="216" hits="8600" branch="True" condition-coverage="50% (1/2)">
                  <conditions>
                    <condition number="8" type="jump" coverage="50%" />
                  </conditions>
                </line>
                <line number="217" hits="8600" branch="False" />
              </lines>
            </method>
            <method name="ToUtf8" signature="(System.Byte[],System.Int32&amp;)" line-rate="1" branch-rate="1" complexity="4">
              <lines>
                <line number="223" hits="21029" branch="True" condition-coverage="100% (2/2)">
                  <conditions>
                    <condition number="5" type="jump" coverage="100%" />
                  </conditions>
                </line>
                <line number="235" hits="20716" branch="False" />
                <line number="236" hits="20716" branch="True" condition-coverage="100% (2/2)">
                  <conditions>
                    <condition number="22" type="jump" coverage="100%" />
                  </conditions>
                </line>
                <line number="238" hits="313" branch="False" />
                <line number="239" hits="313" branch="False" />
              </lines>
            </method>
            <method name="DecodeUTF8_24" signature="(System.Byte[],System.Int32&amp;,System.SByte)" line-rate="0.8571" branch-rate="0.75" complexity="12">
              <lines>
                <line number="244" hits="14" branch="False" />
                <line number="245" hits="51" branch="True" condition-coverage="100% (2/2)">
                  <conditions>
                    <condition number="16" type="jump" coverage="100%" />
                  </conditions>
                </line>
                <line number="247" hits="37" branch="False" />
                <line number="248" hits="37" branch="False" />
                <line number="251" hits="14" branch="True" condition-coverage="50% (2/4)">
                  <conditions>
                    <condition number="20" type="jump" coverage="50%" />
                    <condition number="31" type="jump" coverage="50%" />
                  </conditions>
                </line>
                <line number="254" hits="0" branch="False" />
                <line number="257" hits="14" branch="False" />
                <line number="258" hits="14" branch="True" condition-coverage="100% (2/2)">
                  <conditions>
                    <condition number="103" type="jump" coverage="100%" />
                  </conditions>
                </line>
                <line number="260" hits="5" branch="False" />
                <line number="262" hits="9" branch="True" condition-coverage="100% (2/2)">
                  <conditions>
                    <condition number="114" type="jump" coverage="100%" />
                  </conditions>
                </line>
                <line number="264" hits="9" branch="False" />
                <line number="266" hits="9" branch="True" condition-coverage="50% (1/2)">
                  <conditions>
                    <condition number="137" type="jump" coverage="50%" />
                  </conditions>
                </line>
                <line number="268" hits="0" branch="False" />
                <line number="270" hits="9" branch="False" />
              </lines>
            </method>
            <method name="HexToDecimal" signature="(Tomlyn.Text.char32)" line-rate="1" branch-rate="1" complexity="8">
              <lines>
                <line number="276" hits="360" branch="True" condition-coverage="100% (8/8)">
                  <conditions>
                    <condition number="8" type="jump" coverage="100%" />
                    <condition number="18" type="jump" coverage="100%" />
                    <condition number="28" type="jump" coverage="100%" />
                    <condition number="38" type="jump" coverage="100%" />
                  </conditions>
                </line>
              </lines>
            </method>
            <method name="OctalToDecimal" signature="(Tomlyn.Text.char32)" line-rate="1" branch-rate="1" complexity="1">
              <lines>
                <line number="282" hits="76" branch="False" />
              </lines>
            </method>
            <method name="BinaryToDecimal" signature="(Tomlyn.Text.char32)" line-rate="1" branch-rate="1" complexity="1">
              <lines>
                <line number="288" hits="64" branch="False" />
              </lines>
            </method>
            <method name="IsHex" signature="(Tomlyn.Text.char32)" line-rate="1" branch-rate="1" complexity="10">
              <lines>
                <line number="293" hits="423" branch="True" condition-coverage="100% (10/10)">
                  <conditions>
                    <condition number="8" type="jump" coverage="100%" />
                    <condition number="18" type="jump" coverage="100%" />
                    <condition number="28" type="jump" coverage="100%" />
                    <condition number="38" type="jump" coverage="100%" />
                    <condition number="48" type="jump" coverage="100%" />
                  </conditions>
                </line>
              </lines>
            </method>
            <method name="IsOctal" signature="(Tomlyn.Text.char32)" line-rate="1" branch-rate="1" complexity="2">
              <lines>
                <line number="297" hits="110" branch="True" condition-coverage="100% (2/2)">
                  <conditions>
                    <condition number="8" type="jump" coverage="100%" />
                  </conditions>
                </line>
              </lines>
            </method>
            <method name="IsBinary" signature="(Tomlyn.Text.char32)" line-rate="1" branch-rate="1" complexity="2">
              <lines>
                <line number="301" hits="89" branch="True" condition-coverage="100% (2/2)">
                  <conditions>
                    <condition number="8" type="jump" coverage="100%" />
                  </conditions>
                </line>
              </lines>
            </method>
            <method name="AppendUtf32" signature="(System.Text.StringBuilder,Tomlyn.Text.char32)" line-rate="1" branch-rate="1" complexity="2">
              <lines>
                <line number="306" hits="14292" branch="True" condition-coverage="100% (2/2)">
                  <conditions>
                    <condition number="11" type="jump" coverage="100%" />
                  </conditions>
                </line>
                <line number="308" hits="14288" branch="False" />
                <line number="309" hits="14288" branch="False" />
                <line number="311" hits="4" branch="False" />
                <line number="312" hits="4" branch="False" />
                <line number="313" hits="4" branch="False" />
                <line number="314" hits="4" branch="False" />
              </lines>
            </method>
            <method name=".cctor" signature="()" line-rate="1" branch-rate="1" complexity="1">
              <lines>
                <line number="13" hits="1" branch="False" />
                <line number="14" hits="1" branch="False" />
                <line number="15" hits="1" branch="False" />
                <line number="17" hits="1" branch="False" />
                <line number="18" hits="1" branch="False" />
                <line number="19" hits="1" branch="False" />
              </lines>
            </method>
          </methods>
          <lines>
            <line number="24" hits="10520" branch="True" condition-coverage="100% (2/2)">
              <conditions>
                <condition number="8" type="jump" coverage="100%" />
              </conditions>
            </line>
            <line number="30" hits="2541" branch="True" condition-coverage="100% (14/14)">
              <conditions>
                <condition number="8" type="jump" coverage="100%" />
                <condition number="18" type="jump" coverage="100%" />
                <condition number="28" type="jump" coverage="100%" />
                <condition number="38" type="jump" coverage="100%" />
                <condition number="48" type="jump" coverage="100%" />
                <condition number="58" type="jump" coverage="100%" />
                <condition number="68" type="jump" coverage="100%" />
              </conditions>
            </line>
            <line number="36" hits="15945" branch="True" condition-coverage="100% (14/14)">
              <conditions>
                <condition number="8" type="jump" coverage="100%" />
                <condition number="18" type="jump" coverage="100%" />
                <condition number="28" type="jump" coverage="100%" />
                <condition number="38" type="jump" coverage="100%" />
                <condition number="48" type="jump" coverage="100%" />
                <condition number="58" type="jump" coverage="100%" />
                <condition number="68" type="jump" coverage="100%" />
              </conditions>
            </line>
            <line number="42" hits="1043" branch="True" condition-coverage="100% (6/6)">
              <conditions>
                <condition number="8" type="jump" coverage="100%" />
                <condition number="18" type="jump" coverage="100%" />
                <condition number="28" type="jump" coverage="100%" />
              </conditions>
            </line>
            <line number="48" hits="559" branch="True" condition-coverage="100% (6/6)">
              <conditions>
                <condition number="8" type="jump" coverage="100%" />
                <condition number="18" type="jump" coverage="100%" />
                <condition number="28" type="jump" coverage="100%" />
              </conditions>
            </line>
            <line number="53" hits="57531" branch="True" condition-coverage="100% (6/6)">
              <conditions>
                <condition number="7" type="jump" coverage="100%" />
                <condition number="20" type="jump" coverage="100%" />
                <condition number="33" type="jump" coverage="100%" />
              </conditions>
            </line>
            <line number="58" hits="5877" branch="True" condition-coverage="100% (2/2)">
              <conditions>
                <condition number="8" type="jump" coverage="100%" />
              </conditions>
            </line>
            <line number="63" hits="1918" branch="True" condition-coverage="100% (16/16)">
              <conditions>
                <condition number="6" type="jump" coverage="100%" />
                <condition number="16" type="jump" coverage="100%" />
                <condition number="26" type="jump" coverage="100%" />
                <condition number="36" type="jump" coverage="100%" />
                <condition number="46" type="jump" coverage="100%" />
                <condition number="56" type="jump" coverage="100%" />
                <condition number="66" type="jump" coverage="100%" />
                <condition number="76" type="jump" coverage="100%" />
              </conditions>
            </line>
            <line number="71" hits="245" branch="False" />
            <line number="72" hits="5222" branch="True" condition-coverage="100% (2/2)">
              <conditions>
                <condition number="173" type="jump" coverage="100%" />
              </conditions>
            </line>
            <line number="74" hits="2366" branch="False" />
            <line number="76" hits="2366" branch="False" />
            <line number="79" hits="2366" branch="True" condition-coverage="100% (2/2)">
              <conditions>
                <condition number="20" type="jump" coverage="100%" />
              </conditions>
            </line>
            <line number="81" hits="353" branch="True" condition-coverage="50% (3/6)">
              <conditions>
                <condition number="25" type="jump" coverage="50%" />
                <condition number="36" type="jump" coverage="50%" />
                <condition number="49" type="jump" coverage="50%" />
              </conditions>
            </line>
            <line number="83" hits="0" branch="False" />
            <line number="84" hits="0" branch="False" />
            <line number="85" hits="0" branch="False" />
            <line number="87" hits="353" branch="True" condition-coverage="100% (2/2)">
              <conditions>
                <condition number="69" type="jump" coverage="100%" />
              </conditions>
            </line>
            <line number="89" hits="7" branch="False" />
            <line number="91" hits="346" branch="True" condition-coverage="100% (2/2)">
              <conditions>
                <condition number="82" type="jump" coverage="100%" />
              </conditions>
            </line>
            <line number="93" hits="1" branch="False" />
            <line number="97" hits="2366" branch="True" condition-coverage="100% (2/2)">
              <conditions>
                <condition number="91" type="jump" coverage="100%" />
              </conditions>
            </line>
            <line number="99" hits="2366" branch="True" condition-coverage="100% (2/2)">
              <conditions>
                <condition number="107" type="jump" coverage="100%" />
              </conditions>
            </line>
            <line number="101" hits="83" branch="True" condition-coverage="100% (2/2)">
              <conditions>
                <condition number="110" type="jump" coverage="100%" />
              </conditions>
            </line>
            <line number="103" hits="48" branch="False" />
            <line number="104" hits="48" branch="False" />
            <line number="106" hits="83" branch="False" />
            <line number="110" hits="2283" branch="True" condition-coverage="100% (2/2)">
              <conditions>
                <condition number="152" type="jump" coverage="100%" />
              </conditions>
            </line>
            <line number="113" hits="245" branch="True" condition-coverage="100% (4/4)">
              <conditions>
                <condition number="179" type="jump" coverage="100%" />
                <condition number="191" type="jump" coverage="100%" />
              </conditions>
            </line>
            <line number="118" hits="2358" branch="True" condition-coverage="100% (19/19)">
              <conditions>
                <condition number="3" type="jump" coverage="100%" />
                <condition number="8" type="jump" coverage="100%" />
                <condition number="13" type="jump" coverage="100%" />
                <condition number="21" type="jump" coverage="100%" />
                <condition number="29" type="switch" coverage="100%" />
                <condition number="61" type="jump" coverage="100%" />
                <condition number="66" type="jump" coverage="100%" />
              </conditions>
            </line>
            <line number="123" hits="3" branch="False" />
            <line number="125" hits="2" branch="False" />
            <line number="127" hits="10" branch="False" />
            <line number="129" hits="1" branch="False" />
            <line number="131" hits="7" branch="False" />
            <line number="133" hits="38" branch="False" />
            <line number="135" hits="12" branch="False" />
            <line number="137" hits="2" branch="False" />
            <line number="140" hits="2283" branch="False" />
            <line number="148" hits="477" branch="True" condition-coverage="50% (1/2)">
              <conditions>
                <condition number="1" type="jump" coverage="50%" />
              </conditions>
            </line>
            <line number="149" hits="477" branch="False" />
            <line number="150" hits="6600" branch="True" condition-coverage="100% (2/2)">
              <conditions>
                <condition number="99" type="jump" coverage="100%" />
              </conditions>
            </line>
            <line number="152" hits="2823" branch="False" />
            <line number="153" hits="2823" branch="False" />
            <line number="154" hits="2823" branch="True" condition-coverage="100% (2/2)">
              <conditions>
                <condition number="33" type="jump" coverage="100%" />
              </conditions>
            </line>
            <line number="156" hits="502" branch="True" condition-coverage="100% (2/2)">
              <conditions>
                <condition number="36" type="jump" coverage="100%" />
              </conditions>
            </line>
            <line number="158" hits="139" branch="False" />
            <line number="159" hits="139" branch="False" />
            <line number="161" hits="502" branch="False" />
            <line number="165" hits="2321" branch="True" condition-coverage="100% (2/2)">
              <conditions>
                <condition number="78" type="jump" coverage="100%" />
              </conditions>
            </line>
            <line number="168" hits="477" branch="True" condition-coverage="100% (4/4)">
              <conditions>
                <condition number="102" type="jump" coverage="100%" />
                <condition number="114" type="jump" coverage="100%" />
              </conditions>
            </line>
            <line number="173" hits="2857" branch="True" condition-coverage="85.71% (12/14)">
              <conditions>
                <condition number="3" type="jump" coverage="100%" />
                <condition number="16" type="jump" coverage="100%" />
                <condition number="24" type="switch" coverage="75%" />
                <condition number="60" type="jump" coverage="100%" />
              </conditions>
            </line>
            <line number="178" hits="330" branch="False" />
            <line number="180" hits="2" branch="False" />
            <line number="182" hits="1" branch="False" />
            <line number="184" hits="161" branch="False" />
            <line number="186" hits="0" branch="False" />
            <line number="188" hits="0" branch="False" />
            <line number="190" hits="2" branch="False" />
            <line number="192" hits="2" branch="False" />
            <line number="194" hits="30" branch="False" />
            <line number="197" hits="2329" branch="False" />
            <line number="202" hits="15371" branch="True" condition-coverage="100% (2/2)">
              <conditions>
                <condition number="8" type="jump" coverage="100%" />
              </conditions>
            </line>
            <line number="203" hits="15371" branch="False" />
            <line number="208" hits="306" branch="True" condition-coverage="100% (6/6)">
              <conditions>
                <condition number="8" type="jump" coverage="100%" />
                <condition number="18" type="jump" coverage="100%" />
                <condition number="28" type="jump" coverage="100%" />
              </conditions>
            </line>
            <line number="209" hits="306" branch="False" />
            <line number="210" hits="306" branch="False" />
            <line number="211" hits="306" branch="False" />
            <line number="216" hits="8600" branch="True" condition-coverage="50% (1/2)">
              <conditions>
                <condition number="8" type="jump" coverage="50%" />
              </conditions>
            </line>
            <line number="217" hits="8600" branch="False" />
            <line number="223" hits="21029" branch="True" condition-coverage="100% (2/2)">
              <conditions>
                <condition number="5" type="jump" coverage="100%" />
              </conditions>
            </line>
            <line number="235" hits="20716" branch="False" />
            <line number="236" hits="20716" branch="True" condition-coverage="100% (2/2)">
              <conditions>
                <condition number="22" type="jump" coverage="100%" />
              </conditions>
            </line>
            <line number="238" hits="313" branch="False" />
            <line number="239" hits="313" branch="False" />
            <line number="244" hits="14" branch="False" />
            <line number="245" hits="51" branch="True" condition-coverage="100% (2/2)">
              <conditions>
                <condition number="16" type="jump" coverage="100%" />
              </conditions>
            </line>
            <line number="247" hits="37" branch="False" />
            <line number="248" hits="37" branch="False" />
            <line number="251" hits="14" branch="True" condition-coverage="50% (2/4)">
              <conditions>
                <condition number="20" type="jump" coverage="50%" />
                <condition number="31" type="jump" coverage="50%" />
              </conditions>
            </line>
            <line number="254" hits="0" branch="False" />
            <line number="257" hits="14" branch="False" />
            <line number="258" hits="14" branch="True" condition-coverage="100% (2/2)">
              <conditions>
                <condition number="103" type="jump" coverage="100%" />
              </conditions>
            </line>
            <line number="260" hits="5" branch="False" />
            <line number="262" hits="9" branch="True" condition-coverage="100% (2/2)">
              <conditions>
                <condition number="114" type="jump" coverage="100%" />
              </conditions>
            </line>
            <line number="264" hits="9" branch="False" />
            <line number="266" hits="9" branch="True" condition-coverage="50% (1/2)">
              <conditions>
                <condition number="137" type="jump" coverage="50%" />
              </conditions>
            </line>
            <line number="268" hits="0" branch="False" />
            <line number="270" hits="9" branch="False" />
            <line number="276" hits="360" branch="True" condition-coverage="100% (8/8)">
              <conditions>
                <condition number="8" type="jump" coverage="100%" />
                <condition number="18" type="jump" coverage="100%" />
                <condition number="28" type="jump" coverage="100%" />
                <condition number="38" type="jump" coverage="100%" />
              </conditions>
            </line>
            <line number="282" hits="76" branch="False" />
            <line number="288" hits="64" branch="False" />
            <line number="293" hits="423" branch="True" condition-coverage="100% (10/10)">
              <conditions>
                <condition number="8" type="jump" coverage="100%" />
                <condition number="18" type="jump" coverage="100%" />
                <condition number="28" type="jump" coverage="100%" />
                <condition number="38" type="jump" coverage="100%" />
                <condition number="48" type="jump" coverage="100%" />
              </conditions>
            </line>
            <line number="297" hits="110" branch="True" condition-coverage="100% (2/2)">
              <conditions>
                <condition number="8" type="jump" coverage="100%" />
              </conditions>
            </line>
            <line number="301" hits="89" branch="True" condition-coverage="100% (2/2)">
              <conditions>
                <condition number="8" type="jump" coverage="100%" />
              </conditions>
            </line>
            <line number="306" hits="14292" branch="True" condition-coverage="100% (2/2)">
              <conditions>
                <condition number="11" type="jump" coverage="100%" />
              </conditions>
            </line>
            <line number="308" hits="14288" branch="False" />
            <line number="309" hits="14288" branch="False" />
            <line number="311" hits="4" branch="False" />
            <line number="312" hits="4" branch="False" />
            <line number="313" hits="4" branch="False" />
            <line number="314" hits="4" branch="False" />
            <line number="13" hits="1" branch="False" />
            <line number="14" hits="1" branch="False" />
            <line number="15" hits="1" branch="False" />
            <line number="17" hits="1" branch="False" />
            <line number="18" hits="1" branch="False" />
            <line number="19" hits="1" branch="False" />
          </lines>
        </class>
        <class name="Tomlyn.Text.CharReaderException" filename="code\tomlyn\src\Tomlyn\Text\CharReaderException.cs" line-rate="0" branch-rate="1" complexity="1">
          <methods>
            <method name=".ctor" signature="(System.String)" line-rate="0" branch-rate="1" complexity="1">
              <lines>
                <line number="10" hits="0" branch="False" />
                <line number="12" hits="0" branch="False" />
              </lines>
            </method>
          </methods>
          <lines>
            <line number="10" hits="0" branch="False" />
            <line number="12" hits="0" branch="False" />
          </lines>
        </class>
        <class name="Tomlyn.Text.StringCharacterIterator" filename="code\tomlyn\src\Tomlyn\Text\StringCharacterIterator.cs" line-rate="0.5625" branch-rate="0.375" complexity="10">
          <methods>
            <method name="get_Start" signature="()" line-rate="1" branch-rate="1" complexity="1">
              <lines>
                <line number="17" hits="446" branch="False" />
              </lines>
            </method>
            <method name="TryGetNext" signature="(System.Int32&amp;)" line-rate="1" branch-rate="0.75" complexity="4">
              <lines>
                <line number="22" hits="37231" branch="True" condition-coverage="100% (2/2)">
                  <conditions>
                    <condition number="13" type="jump" coverage="100%" />
                  </conditions>
                </line>
                <line number="24" hits="36785" branch="False" />
                <line number="25" hits="36785" branch="False" />
                <line number="28" hits="36785" branch="True" condition-coverage="50% (1/2)">
                  <conditions>
                    <condition number="41" type="jump" coverage="50%" />
                  </conditions>
                </line>
                <line number="31" hits="446" branch="False" />
                <line number="32" hits="446" branch="False" />
              </lines>
            </method>
            <method name="NextCharWithSurrogate" signature="(System.Int32&amp;,System.Char)" line-rate="0" branch-rate="0" complexity="4">
              <lines>
                <line number="37" hits="0" branch="True" condition-coverage="0% (0/2)">
                  <conditions>
                    <condition number="13" type="jump" coverage="0%" />
                  </conditions>
                </line>
                <line number="39" hits="0" branch="False" />
                <line number="40" hits="0" branch="False" />
                <line number="41" hits="0" branch="True" condition-coverage="0% (0/2)">
                  <conditions>
                    <condition number="41" type="jump" coverage="0%" />
                  </conditions>
                </line>
                <line number="43" hits="0" branch="False" />
                <line number="45" hits="0" branch="False" />
[...]
            <line number="49" hits="1" branch="False" />
            <line number="50" hits="1" branch="False" />
            <line number="52" hits="1" branch="False" />
            <line number="54" hits="1" branch="False" />
            <line number="55" hits="1" branch="False" />
            <line number="56" hits="1" branch="False" />
            <line number="57" hits="1" branch="False" />
            <line number="58" hits="1" branch="False" />
            <line number="59" hits="1" branch="False" />
            <line number="60" hits="1" branch="False" />
            <line number="61" hits="1" branch="False" />
            <line number="62" hits="1" branch="False" />
            <line number="63" hits="1" branch="False" />
            <line number="64" hits="1" branch="False" />
            <line number="65" hits="1" branch="False" />
            <line number="66" hits="1" branch="False" />
            <line number="67" hits="1" branch="False" />
            <line number="69" hits="1" branch="False" />
            <line number="72" hits="1" branch="False" />
            <line number="73" hits="1" branch="False" />
            <line number="74" hits="1" branch="False" />
            <line number="79" hits="1" branch="False" />
            <line number="80" hits="1" branch="False" />
            <line number="81" hits="1" branch="False" />
            <line number="82" hits="1" branch="False" />
            <line number="85" hits="1" branch="False" />
            <line number="90" hits="1" branch="False" />
            <line number="91" hits="1" branch="False" />
            <line number="94" hits="1" branch="False" />
            <line number="95" hits="1" branch="False" />
            <line number="96" hits="1" branch="False" />
            <line number="97" hits="1" branch="False" />
            <line number="98" hits="1" branch="False" />
          </lines>
        </class>
        <class name="Tomlyn.Tests.TomlDateTimeTest" filename="code\tomlyn\src\Tomlyn.Tests\TomlDateTimeTest.cs" line-rate="1" branch-rate="1" complexity="2">
          <methods>
            <method name="TestIConvertibleToString" signature="(System.String)" line-rate="1" branch-rate="1" complexity="2">
              <lines>
                <line number="20" hits="4" branch="True" condition-coverage="100% (2/2)">
                  <conditions>
                    <condition number="1" type="jump" coverage="100%" />
                  </conditions>
                </line>
                <line number="22" hits="4" branch="False" />
                <line number="24" hits="4" branch="False" />
                <line number="26" hits="4" branch="False" />
                <line number="27" hits="4" branch="False" />
              </lines>
            </method>
          </methods>
          <lines>
            <line number="20" hits="4" branch="True" condition-coverage="100% (2/2)">
              <conditions>
                <condition number="1" type="jump" coverage="100%" />
              </conditions>
            </line>
            <line number="22" hits="4" branch="False" />
            <line number="24" hits="4" branch="False" />
            <line number="26" hits="4" branch="False" />
            <line number="27" hits="4" branch="False" />
          </lines>
        </class>
        <class name="Tomlyn.Tests.TomlTests" filename="code\tomlyn\src\Tomlyn.Tests\TomlTests.cs" line-rate="1" branch-rate="0.8" complexity="11">
          <methods>
            <method name="TestVersion" signature="()" line-rate="1" branch-rate="1" complexity="1">
              <lines>
                <line number="24" hits="1" branch="False" />
                <line number="25" hits="1" branch="False" />
              </lines>
            </method>
            <method name="TestDescendants" signature="()" line-rate="1" branch-rate="0.8" complexity="10">
              <lines>
                <line number="31" hits="1" branch="False" />
                <line number="32" hits="1" branch="False" />
                <line number="33" hits="1" branch="False" />
                <line number="34" hits="1" branch="False" />
                <line number="35" hits="1" branch="False" />
                <line number="36" hits="1" branch="False" />
                <line number="37" hits="1" branch="False" />
                <line number="38" hits="1" branch="False" />
                <line number="39" hits="1" branch="False" />
                <line number="40" hits="70" branch="True" condition-coverage="100% (2/2)">
                  <conditions>
                    <condition number="304" type="jump" coverage="100%" />
                  </conditions>
                </line>
                <line number="42" hits="34" branch="True" condition-coverage="100% (2/2)">
                  <conditions>
                    <condition number="58" type="jump" coverage="100%" />
                  </conditions>
                </line>
                <line number="44" hits="10" branch="True" condition-coverage="50% (1/2)">
                  <conditions>
                    <condition number="150" type="jump" coverage="50%" />
                  </conditions>
                </line>
                <line number="46" hits="24" branch="True" condition-coverage="100% (2/2)">
                  <conditions>
                    <condition number="197" type="jump" coverage="100%" />
                  </conditions>
                </line>
                <line number="48" hits="24" branch="True" condition-coverage="50% (1/2)">
                  <conditions>
                    <condition number="262" type="jump" coverage="50%" />
                  </conditions>
                </line>
                <line number="53" hits="1" branch="False" />
                <line number="54" hits="1" branch="False" />
                <line number="55" hits="1" branch="False" />
                <line number="56" hits="1" branch="False" />
                <line number="57" hits="1" branch="False" />
                <line number="58" hits="1" branch="False" />
                <line number="59" hits="1" branch="False" />
                <line number="60" hits="1" branch="False" />
                <line number="61" hits="1" branch="False" />
                <line number="62" hits="1" branch="False" />
                <line number="63" hits="1" branch="False" />
                <line number="64" hits="1" branch="False" />
                <line number="65" hits="1" branch="False" />
                <line number="66" hits="1" branch="False" />
                <line number="67" hits="1" branch="False" />
                <line number="68" hits="1" branch="False" />
                <line number="69" hits="1" branch="False" />
                <line number="70" hits="1" branch="False" />
                <line number="71" hits="1" branch="False" />
                <line number="72" hits="1" branch="False" />
                <line number="73" hits="1" branch="False" />
                <line number="74" hits="1" branch="False" />
                <line number="75" hits="1" branch="False" />
                <line number="76" hits="1" branch="False" />
                <line number="77" hits="1" branch="False" />
                <line number="78" hits="1" branch="False" />
                <line number="79" hits="1" branch="False" />
                <line number="80" hits="1" branch="False" />
                <line number="81" hits="1" branch="False" />
                <line number="82" hits="1" branch="False" />
                <line number="83" hits="1" branch="False" />
                <line number="84" hits="1" branch="False" />
                <line number="85" hits="1" branch="False" />
                <line number="86" hits="1" branch="False" />
                <line number="87" hits="1" branch="False" />
                <line number="88" hits="1" branch="False" />
                <line number="91" hits="1" branch="False" />
                <line number="92" hits="1" branch="False" />
              </lines>
            </method>
          </methods>
          <lines>
            <line number="24" hits="1" branch="False" />
            <line number="25" hits="1" branch="False" />
            <line number="31" hits="1" branch="False" />
            <line number="32" hits="1" branch="False" />
            <line number="33" hits="1" branch="False" />
            <line number="34" hits="1" branch="False" />
            <line number="35" hits="1" branch="False" />
            <line number="36" hits="1" branch="False" />
            <line number="37" hits="1" branch="False" />
            <line number="38" hits="1" branch="False" />
            <line number="39" hits="1" branch="False" />
            <line number="40" hits="70" branch="True" condition-coverage="100% (2/2)">
              <conditions>
                <condition number="304" type="jump" coverage="100%" />
              </conditions>
            </line>
            <line number="42" hits="34" branch="True" condition-coverage="100% (2/2)">
              <conditions>
                <condition number="58" type="jump" coverage="100%" />
              </conditions>
            </line>
            <line number="44" hits="10" branch="True" condition-coverage="50% (1/2)">
              <conditions>
                <condition number="150" type="jump" coverage="50%" />
              </conditions>
            </line>
            <line number="46" hits="24" branch="True" condition-coverage="100% (2/2)">
              <conditions>
                <condition number="197" type="jump" coverage="100%" />
              </conditions>
            </line>
            <line number="48" hits="24" branch="True" condition-coverage="50% (1/2)">
              <conditions>
                <condition number="262" type="jump" coverage="50%" />
              </conditions>
            </line>
            <line number="53" hits="1" branch="False" />
            <line number="54" hits="1" branch="False" />
            <line number="55" hits="1" branch="False" />
            <line number="56" hits="1" branch="False" />
            <line number="57" hits="1" branch="False" />
            <line number="58" hits="1" branch="False" />
            <line number="59" hits="1" branch="False" />
            <line number="60" hits="1" branch="False" />
            <line number="61" hits="1" branch="False" />
            <line number="62" hits="1" branch="False" />
            <line number="63" hits="1" branch="False" />
            <line number="64" hits="1" branch="False" />
            <line number="65" hits="1" branch="False" />
            <line number="66" hits="1" branch="False" />
            <line number="67" hits="1" branch="False" />
            <line number="68" hits="1" branch="False" />
            <line number="69" hits="1" branch="False" />
            <line number="70" hits="1" branch="False" />
            <line number="71" hits="1" branch="False" />
            <line number="72" hits="1" branch="False" />
            <line number="73" hits="1" branch="False" />
            <line number="74" hits="1" branch="False" />
            <line number="75" hits="1" branch="False" />
            <line number="76" hits="1" branch="False" />
            <line number="77" hits="1" branch="False" />
            <line number="78" hits="1" branch="False" />
            <line number="79" hits="1" branch="False" />
            <line number="80" hits="1" branch="False" />
            <line number="81" hits="1" branch="False" />
            <line number="82" hits="1" branch="False" />
            <line number="83" hits="1" branch="False" />
            <line number="84" hits="1" branch="False" />
            <line number="85" hits="1" branch="False" />
            <line number="86" hits="1" branch="False" />
            <line number="87" hits="1" branch="False" />
            <line number="88" hits="1" branch="False" />
            <line number="91" hits="1" branch="False" />
            <line number="92" hits="1" branch="False" />
          </lines>
        </class>
        <class name="Tomlyn.Tests.ValidatorTests" filename="code\tomlyn\src\Tomlyn.Tests\ValidatorTests.cs" line-rate="1" branch-rate="1" complexity="6">
          <methods>
            <method name="TestNoErrors" signature="()" line-rate="1" branch-rate="1" complexity="1">
              <lines>
                <line number="13" hits="1" branch="False" />
                <line number="14" hits="1" branch="False" />
                <line number="15" hits="1" branch="False" />
                <line number="16" hits="1" branch="False" />
                <line number="17" hits="1" branch="False" />
                <line number="18" hits="1" branch="False" />
              </lines>
            </method>
            <method name="TestRedefineKey" signature="()" line-rate="1" branch-rate="1" complexity="1">
              <lines>
                <line number="23" hits="1" branch="False" />
                <line number="24" hits="1" branch="False" />
                <line number="25" hits="1" branch="False" />
                <line number="26" hits="1" branch="False" />
                <line number="27" hits="1" branch="False" />
                <line number="28" hits="1" branch="False" />
                <line number="29" hits="1" branch="False" />
                <line number="30" hits="1" branch="False" />
              </lines>
            </method>
            <method name="TestRedefineKeyAndTable" signature="()" line-rate="1" branch-rate="1" complexity="1">
              <lines>
                <line number="35" hits="1" branch="False" />
                <line number="36" hits="1" branch="False" />
                <line number="37" hits="1" branch="False" />
                <line number="38" hits="1" branch="False" />
                <line number="39" hits="1" branch="False" />
                <line number="40" hits="1" branch="False" />
                <line number="41" hits="1" branch="False" />
                <line number="42" hits="1" branch="False" />
                <line number="43" hits="1" branch="False" />
              </lines>
            </method>
            <method name="TestTableArray" signature="()" line-rate="1" branch-rate="1" complexity="1">
              <lines>
                <line number="49" hits="1" branch="False" />
                <line number="50" hits="1" branch="False" />
                <line number="51" hits="1" branch="False" />
                <line number="52" hits="1" branch="False" />
                <line number="53" hits="1" branch="False" />
                <line number="54" hits="1" branch="False" />
                <line number="55" hits="1" branch="False" />
                <line number="56" hits="1" branch="False" />
                <line number="57" hits="1" branch="False" />
                <line number="58" hits="1" branch="False" />
              </lines>
            </method>
            <method name="TestTableArrayNested" signature="()" line-rate="1" branch-rate="1" complexity="1">
              <lines>
                <line number="64" hits="1" branch="False" />
                <line number="65" hits="1" branch="False" />
                <line number="66" hits="1" branch="False" />
                <line number="67" hits="1" branch="False" />
                <line number="68" hits="1" branch="False" />
                <line number="69" hits="1" branch="False" />
                <line number="70" hits="1" branch="False" />
                <line number="71" hits="1" branch="False" />
                <line number="72" hits="1" branch="False" />
                <line number="73" hits="1" branch="False" />
              </lines>
            </method>
            <method name="TestTableArrayAndInvalidTable" signature="()" line-rate="1" branch-rate="1" complexity="1">
              <lines>
                <line number="79" hits="1" branch="False" />
                <line number="80" hits="1" branch="False" />
                <line number="81" hits="1" branch="False" />
                <line number="82" hits="1" branch="False" />
                <line number="83" hits="1" branch="False" />
                <line number="84" hits="1" branch="False" />
                <line number="85" hits="1" branch="False" />
                <line number="86" hits="1" branch="False" />
                <line number="87" hits="1" branch="False" />
                <line number="88" hits="1" branch="False" />
                <line number="89" hits="1" branch="False" />
                <line number="90" hits="1" branch="False" />
              </lines>
            </method>
          </methods>
          <lines>
            <line number="13" hits="1" branch="False" />
            <line number="14" hits="1" branch="False" />
            <line number="15" hits="1" branch="False" />
            <line number="16" hits="1" branch="False" />
            <line number="17" hits="1" branch="False" />
            <line number="18" hits="1" branch="False" />
            <line number="23" hits="1" branch="False" />
            <line number="24" hits="1" branch="False" />
            <line number="25" hits="1" branch="False" />
            <line number="26" hits="1" branch="False" />
            <line number="27" hits="1" branch="False" />
            <line number="28" hits="1" branch="False" />
            <line number="29" hits="1" branch="False" />
            <line number="30" hits="1" branch="False" />
            <line number="35" hits="1" branch="False" />
            <line number="36" hits="1" branch="False" />
            <line number="37" hits="1" branch="False" />
            <line number="38" hits="1" branch="False" />
            <line number="39" hits="1" branch="False" />
            <line number="40" hits="1" branch="False" />
            <line number="41" hits="1" branch="False" />
            <line number="42" hits="1" branch="False" />
            <line number="43" hits="1" branch="False" />
            <line number="49" hits="1" branch="False" />
            <line number="50" hits="1" branch="False" />
            <line number="51" hits="1" branch="False" />
            <line number="52" hits="1" branch="False" />
            <line number="53" hits="1" branch="False" />
            <line number="54" hits="1" branch="False" />
            <line number="55" hits="1" branch="False" />
            <line number="56" hits="1" branch="False" />
            <line number="57" hits="1" branch="False" />
            <line number="58" hits="1" branch="False" />
            <line number="64" hits="1" branch="False" />
            <line number="65" hits="1" branch="False" />
            <line number="66" hits="1" branch="False" />
            <line number="67" hits="1" branch="False" />
            <line number="68" hits="1" branch="False" />
            <line number="69" hits="1" branch="False" />
            <line number="70" hits="1" branch="False" />
            <line number="71" hits="1" branch="False" />
            <line number="72" hits="1" branch="False" />
            <line number="73" hits="1" branch="False" />
            <line number="79" hits="1" branch="False" />
            <line number="80" hits="1" branch="False" />
            <line number="81" hits="1" branch="False" />
            <line number="82" hits="1" branch="False" />
            <line number="83" hits="1" branch="False" />
            <line number="84" hits="1" branch="False" />
            <line number="85" hits="1" branch="False" />
            <line number="86" hits="1" branch="False" />
            <line number="87" hits="1" branch="False" />
            <line number="88" hits="1" branch="False" />
            <line number="89" hits="1" branch="False" />
            <line number="90" hits="1" branch="False" />
          </lines>
        </class>
      </classes>
    </package>
  </packages>
</coverage>